[INFO] 2017-06-24 14:58:10,995 [JavaFX Application Thread] com.infinitescript.napster.client.Client - Connected to server.
[INFO] 2017-06-24 15:00:13,251 [JavaFX Application Thread] com.infinitescript.napster.client.Client - Connected to server.
[ERROR] 2017-06-24 15:00:13,249 [Thread-5] com.infinitescript.napster.client.FileServer - catching
java.net.BindException: Address already in use: Cannot bind
	at java.net.DualStackPlainDatagramSocketImpl.socketBind(Native Method) ~[?:1.8.0_91]
	at java.net.DualStackPlainDatagramSocketImpl.bind0(Unknown Source) ~[?:1.8.0_91]
	at java.net.AbstractPlainDatagramSocketImpl.bind(Unknown Source) ~[?:1.8.0_91]
	at java.net.DatagramSocket.bind(Unknown Source) ~[?:1.8.0_91]
	at java.net.DatagramSocket.<init>(Unknown Source) ~[?:1.8.0_91]
	at java.net.DatagramSocket.<init>(Unknown Source) ~[?:1.8.0_91]
	at java.net.DatagramSocket.<init>(Unknown Source) ~[?:1.8.0_91]
	at com.infinitescript.napster.client.FileServer.lambda$0(FileServer.java:31) ~[classes/:?]
	at java.lang.Thread.run(Unknown Source) [?:1.8.0_91]
[INFO] 2017-06-24 15:01:36,677 [JavaFX Application Thread] com.infinitescript.napster.client.Client - Disconnected from server.
[INFO] 2017-06-24 15:03:06,187 [JavaFX Application Thread] com.infinitescript.napster.client.Client - Connected to server.
[ERROR] 2017-06-24 15:04:04,182 [Thread-5] com.infinitescript.napster.client.FileServer - catching
java.net.BindException: Address already in use: Cannot bind
	at java.net.DualStackPlainDatagramSocketImpl.socketBind(Native Method) ~[?:1.8.0_91]
	at java.net.DualStackPlainDatagramSocketImpl.bind0(Unknown Source) ~[?:1.8.0_91]
	at java.net.AbstractPlainDatagramSocketImpl.bind(Unknown Source) ~[?:1.8.0_91]
	at java.net.DatagramSocket.bind(Unknown Source) ~[?:1.8.0_91]
	at java.net.DatagramSocket.<init>(Unknown Source) ~[?:1.8.0_91]
	at java.net.DatagramSocket.<init>(Unknown Source) ~[?:1.8.0_91]
	at java.net.DatagramSocket.<init>(Unknown Source) ~[?:1.8.0_91]
	at com.infinitescript.napster.client.FileServer.lambda$0(FileServer.java:31) ~[classes/:?]
	at java.lang.Thread.run(Unknown Source) [?:1.8.0_91]
[ERROR] 2017-06-24 15:04:25,172 [JavaFX Application Thread] com.infinitescript.napster.client.ApplicationBootstrap - catching
java.net.ConnectException: Connection timed out: connect
	at java.net.DualStackPlainSocketImpl.connect0(Native Method) ~[?:1.8.0_91]
	at java.net.DualStackPlainSocketImpl.socketConnect(Unknown Source) ~[?:1.8.0_91]
	at java.net.AbstractPlainSocketImpl.doConnect(Unknown Source) ~[?:1.8.0_91]
	at java.net.AbstractPlainSocketImpl.connectToAddress(Unknown Source) ~[?:1.8.0_91]
	at java.net.AbstractPlainSocketImpl.connect(Unknown Source) ~[?:1.8.0_91]
	at java.net.PlainSocketImpl.connect(Unknown Source) ~[?:1.8.0_91]
	at java.net.SocksSocketImpl.connect(Unknown Source) ~[?:1.8.0_91]
	at java.net.Socket.connect(Unknown Source) ~[?:1.8.0_91]
	at java.net.Socket.connect(Unknown Source) ~[?:1.8.0_91]
	at java.net.Socket.<init>(Unknown Source) ~[?:1.8.0_91]
	at java.net.Socket.<init>(Unknown Source) ~[?:1.8.0_91]
	at com.infinitescript.napster.client.Client.connect(Client.java:36) ~[classes/:?]
	at com.infinitescript.napster.client.ApplicationBootstrap.lambda$0(ApplicationBootstrap.java:160) ~[classes/:?]
	at com.sun.javafx.event.CompositeEventHandler.dispatchBubblingEvent(Unknown Source) ~[jfxrt.jar:?]
	at com.sun.javafx.event.EventHandlerManager.dispatchBubblingEvent(Unknown Source) ~[jfxrt.jar:?]
	at com.sun.javafx.event.EventHandlerManager.dispatchBubblingEvent(Unknown Source) ~[jfxrt.jar:?]
	at com.sun.javafx.event.CompositeEventDispatcher.dispatchBubblingEvent(Unknown Source) ~[jfxrt.jar:?]
	at com.sun.javafx.event.BasicEventDispatcher.dispatchEvent(Unknown Source) ~[jfxrt.jar:?]
	at com.sun.javafx.event.EventDispatchChainImpl.dispatchEvent(Unknown Source) ~[jfxrt.jar:?]
	at com.sun.javafx.event.BasicEventDispatcher.dispatchEvent(Unknown Source) ~[jfxrt.jar:?]
	at com.sun.javafx.event.EventDispatchChainImpl.dispatchEvent(Unknown Source) ~[jfxrt.jar:?]
	at com.sun.javafx.event.BasicEventDispatcher.dispatchEvent(Unknown Source) ~[jfxrt.jar:?]
	at com.sun.javafx.event.EventDispatchChainImpl.dispatchEvent(Unknown Source) ~[jfxrt.jar:?]
	at com.sun.javafx.event.EventUtil.fireEventImpl(Unknown Source) ~[jfxrt.jar:?]
	at com.sun.javafx.event.EventUtil.fireEvent(Unknown Source) ~[jfxrt.jar:?]
	at javafx.event.Event.fireEvent(Unknown Source) ~[jfxrt.jar:?]
	at javafx.scene.Node.fireEvent(Unknown Source) ~[jfxrt.jar:?]
	at javafx.scene.control.Button.fire(Unknown Source) ~[jfxrt.jar:?]
	at com.sun.javafx.scene.control.behavior.ButtonBehavior.mouseReleased(Unknown Source) ~[jfxrt.jar:?]
	at com.sun.javafx.scene.control.skin.BehaviorSkinBase$1.handle(Unknown Source) ~[jfxrt.jar:?]
	at com.sun.javafx.scene.control.skin.BehaviorSkinBase$1.handle(Unknown Source) ~[jfxrt.jar:?]
	at com.sun.javafx.event.CompositeEventHandler$NormalEventHandlerRecord.handleBubblingEvent(Unknown Source) ~[jfxrt.jar:?]
	at com.sun.javafx.event.CompositeEventHandler.dispatchBubblingEvent(Unknown Source) ~[jfxrt.jar:?]
	at com.sun.javafx.event.EventHandlerManager.dispatchBubblingEvent(Unknown Source) ~[jfxrt.jar:?]
	at com.sun.javafx.event.EventHandlerManager.dispatchBubblingEvent(Unknown Source) ~[jfxrt.jar:?]
	at com.sun.javafx.event.CompositeEventDispatcher.dispatchBubblingEvent(Unknown Source) ~[jfxrt.jar:?]
	at com.sun.javafx.event.BasicEventDispatcher.dispatchEvent(Unknown Source) ~[jfxrt.jar:?]
	at com.sun.javafx.event.EventDispatchChainImpl.dispatchEvent(Unknown Source) ~[jfxrt.jar:?]
	at com.sun.javafx.event.BasicEventDispatcher.dispatchEvent(Unknown Source) ~[jfxrt.jar:?]
	at com.sun.javafx.event.EventDispatchChainImpl.dispatchEvent(Unknown Source) ~[jfxrt.jar:?]
	at com.sun.javafx.event.BasicEventDispatcher.dispatchEvent(Unknown Source) ~[jfxrt.jar:?]
	at com.sun.javafx.event.EventDispatchChainImpl.dispatchEvent(Unknown Source) ~[jfxrt.jar:?]
	at com.sun.javafx.event.EventUtil.fireEventImpl(Unknown Source) ~[jfxrt.jar:?]
	at com.sun.javafx.event.EventUtil.fireEvent(Unknown Source) ~[jfxrt.jar:?]
	at javafx.event.Event.fireEvent(Unknown Source) ~[jfxrt.jar:?]
	at javafx.scene.Scene$MouseHandler.process(Unknown Source) ~[jfxrt.jar:?]
	at javafx.scene.Scene$MouseHandler.access$1500(Unknown Source) ~[jfxrt.jar:?]
	at javafx.scene.Scene.impl_processMouseEvent(Unknown Source) ~[jfxrt.jar:?]
	at javafx.scene.Scene$ScenePeerListener.mouseEvent(Unknown Source) ~[jfxrt.jar:?]
	at com.sun.javafx.tk.quantum.GlassViewEventHandler$MouseEventNotification.run(Unknown Source) ~[jfxrt.jar:?]
	at com.sun.javafx.tk.quantum.GlassViewEventHandler$MouseEventNotification.run(Unknown Source) ~[jfxrt.jar:?]
	at java.security.AccessController.doPrivileged(Native Method) ~[?:1.8.0_91]
	at com.sun.javafx.tk.quantum.GlassViewEventHandler.lambda$handleMouseEvent$354(Unknown Source) ~[jfxrt.jar:?]
	at com.sun.javafx.tk.quantum.QuantumToolkit.runWithoutRenderLock(Unknown Source) ~[jfxrt.jar:?]
	at com.sun.javafx.tk.quantum.GlassViewEventHandler.handleMouseEvent(Unknown Source) ~[jfxrt.jar:?]
	at com.sun.glass.ui.View.handleMouseEvent(Unknown Source) ~[jfxrt.jar:?]
	at com.sun.glass.ui.View.notifyMouse(Unknown Source) ~[jfxrt.jar:?]
	at com.sun.glass.ui.win.WinApplication._runLoop(Native Method) ~[jfxrt.jar:?]
	at com.sun.glass.ui.win.WinApplication.lambda$null$148(Unknown Source) ~[jfxrt.jar:?]
	at java.lang.Thread.run(Unknown Source) [?:1.8.0_91]
[ERROR] 2017-06-24 15:05:42,196 [Thread-6] com.infinitescript.napster.client.FileServer - catching
java.net.BindException: Address already in use: Cannot bind
	at java.net.DualStackPlainDatagramSocketImpl.socketBind(Native Method) ~[?:1.8.0_91]
	at java.net.DualStackPlainDatagramSocketImpl.bind0(Unknown Source) ~[?:1.8.0_91]
	at java.net.AbstractPlainDatagramSocketImpl.bind(Unknown Source) ~[?:1.8.0_91]
	at java.net.DatagramSocket.bind(Unknown Source) ~[?:1.8.0_91]
	at java.net.DatagramSocket.<init>(Unknown Source) ~[?:1.8.0_91]
	at java.net.DatagramSocket.<init>(Unknown Source) ~[?:1.8.0_91]
	at java.net.DatagramSocket.<init>(Unknown Source) ~[?:1.8.0_91]
	at com.infinitescript.napster.client.FileServer.lambda$0(FileServer.java:31) ~[classes/:?]
	at java.lang.Thread.run(Unknown Source) [?:1.8.0_91]
[INFO] 2017-06-24 15:05:42,202 [JavaFX Application Thread] com.infinitescript.napster.client.Client - Connected to server.
[DEBUG] 2017-06-24 15:06:32,384 [JavaFX Application Thread] com.infinitescript.napster.client.Client - [ShareFile] Received message from server: OK
[INFO] 2017-06-24 15:06:32,476 [JavaFX Application Thread] com.infinitescript.napster.client.ApplicationBootstrap - File shared: SharedFile [FileName=课表1.png, Sharer=LiuQiuru, Checksum=32e6754e60f0e0e080714e82b440e98f, Size=26824 Byte]
[DEBUG] 2017-06-24 15:07:31,415 [JavaFX Application Thread] com.infinitescript.napster.client.Client - [ShareFile] Received message from server: OK
[INFO] 2017-06-24 15:07:31,417 [JavaFX Application Thread] com.infinitescript.napster.client.ApplicationBootstrap - File shared: SharedFile [FileName=13-Retrieval+evaluation+with+incomplete+information.pdf, Sharer=LiuQiuru, Checksum=abd22f64e2a61b978151ced840d1587e, Size=172320 Byte]
[DEBUG] 2017-06-24 15:08:27,483 [JavaFX Application Thread] com.infinitescript.napster.client.Client - [ShareFile] Received message from server: OK
[INFO] 2017-06-24 15:08:27,485 [JavaFX Application Thread] com.infinitescript.napster.client.ApplicationBootstrap - File shared: SharedFile [FileName=QQ66.png, Sharer=Olli, Checksum=4a7be26cfc11980481708a4268e069eb, Size=21648 Byte]
[ERROR] 2017-06-24 15:19:26,221 [JavaFX Application Thread] com.infinitescript.napster.client.ApplicationBootstrap - Failed to unshare a file, because you have no right to unshare this file.
